Using pre-set license
Built from '2020.2/release' branch; Version is '2020.2.0f1 (3721df5a8b28) revision 3613151'; Using compiler version '192528614'; Build Type 'Release'
OS: 'Windows 10  (10.0.0) 64bit' Language: 'ru' Physical Memory: 8058 MB
BatchMode: 1, IsHumanControllingUs: 0, StartBugReporterOnCrash: 0, Is64bit: 1, IsPro: 0

 COMMAND LINE ARGUMENTS:
C:\Program Files\Unity\Hub\Editor\2020.2.0f1\Editor\Unity.exe
-adb2
-batchMode
-noUpm
-name
AssetImportWorker0
-projectPath
C:/Users/Danil/Documents/GitHub/Platformer
-logFile
Logs/AssetImportWorker0.log
-srvPort
51796
Successfully changed project path to: C:/Users/Danil/Documents/GitHub/Platformer
C:/Users/Danil/Documents/GitHub/Platformer
Using Asset Import Pipeline V2.
Refreshing native plugins compatible for Editor in 97.81 ms, found 1 plugins.
Preloading 0 native plugins for Editor in 0.00 ms.
Initialize engine version: 2020.2.0f1 (3721df5a8b28)
[Subsystems] Discovering subsystems at path C:/Program Files/Unity/Hub/Editor/2020.2.0f1/Editor/Data/Resources/UnitySubsystems
[Subsystems] Discovering subsystems at path C:/Users/Danil/Documents/GitHub/Platformer/Assets
GfxDevice: creating device client; threaded=0
Direct3D:
    Version:  Direct3D 11.0 [level 11.1]
    Renderer: NVIDIA GeForce GTX 1050 Ti (ID=0x1c8c)
    Vendor:   
    VRAM:     4017 MB
    Driver:   31.0.15.2647
Initialize mono
Mono path[0] = 'C:/Program Files/Unity/Hub/Editor/2020.2.0f1/Editor/Data/Managed'
Mono path[1] = 'C:/Program Files/Unity/Hub/Editor/2020.2.0f1/Editor/Data/MonoBleedingEdge/lib/mono/unityjit'
Mono config path = 'C:/Program Files/Unity/Hub/Editor/2020.2.0f1/Editor/Data/MonoBleedingEdge/etc'
Using monoOptions --debugger-agent=transport=dt_socket,embedding=1,server=y,suspend=n,address=127.0.0.1:56812
Begin MonoManager ReloadAssembly
Registering precompiled unity dll's ...
Register platform support module: C:/Program Files/Unity/Hub/Editor/2020.2.0f1/Editor/Data/PlaybackEngines/WindowsStandaloneSupport/UnityEditor.WindowsStandalone.Extensions.dll
Registered in 0.002888 seconds.
Native extension for WindowsStandalone target not found
Refreshing native plugins compatible for Editor in 54.54 ms, found 1 plugins.
Preloading 0 native plugins for Editor in 0.00 ms.
Invoked RoslynAnalysisRunner static constructor.
RoslynAnalysisRunner will not be running.
RoslynAnalysisRunner has terminated.
Mono: successfully reloaded assembly
- Completed reload, in  3.195 seconds
Platform modules already initialized, skipping
Registering precompiled user dll's ...
Registered in 0.001263 seconds.
Begin MonoManager ReloadAssembly
Native extension for WindowsStandalone target not found
Refreshing native plugins compatible for Editor in 56.14 ms, found 1 plugins.
Preloading 0 native plugins for Editor in 0.00 ms.
Invoked RoslynAnalysisRunner static constructor.
RoslynAnalysisRunner will not be running.
RoslynAnalysisRunner has terminated.
Mono: successfully reloaded assembly
- Completed reload, in  1.463 seconds
Platform modules already initialized, skipping
========================================================================
Worker process is ready to serve import requests
Launched and connected shader compiler UnityShaderCompiler.exe after 0.06 seconds
Refreshing native plugins compatible for Editor in 0.48 ms, found 1 plugins.
Preloading 0 native plugins for Editor in 0.00 ms.
Unloading 1793 Unused Serialized files (Serialized files now loaded: 0)
System memory in use before: 83.8 MB.
System memory in use after: 83.8 MB.

Unloading 24 unused Assets to reduce memory usage. Loaded Objects now: 2234.
Total: 8.524000 ms (FindLiveObjects: 0.576000 ms CreateObjectMapping: 0.204800 ms MarkObjects: 7.608400 ms  DeleteObjects: 0.131400 ms)

========================================================================
Received Import Request.
  path: Assets/Script/WalkingMonster.cs
  artifactKey: Guid(0bdcab9a3c2a51f4da2e8128aaef5c35) Importer(815301076,1909f56bfc062723c751e8b465ee728b)
Start importing Assets/Script/WalkingMonster.cs using Guid(0bdcab9a3c2a51f4da2e8128aaef5c35) Importer(815301076,1909f56bfc062723c751e8b465ee728b)  -> (artifact id: 'e613851467edebb5fd3b44d599d18bce') in 0.075050 seconds
  Import took 0.082872 seconds .

========================================================================
Received Import Request.
  Time since last request: 29.284302 seconds.
  path: Assets/Script/WalkingMonster.cs
  artifactKey: Guid(0bdcab9a3c2a51f4da2e8128aaef5c35) Importer(815301076,1909f56bfc062723c751e8b465ee728b)
Start importing Assets/Script/WalkingMonster.cs using Guid(0bdcab9a3c2a51f4da2e8128aaef5c35) Importer(815301076,1909f56bfc062723c751e8b465ee728b)  -> (artifact id: '419c73ab9d859333072e07c24c9ee4c5') in 0.004755 seconds
  Import took 0.009912 seconds .

========================================================================
Received Import Request.
  Time since last request: 0.000983 seconds.
  path: Assets/Script/WalkingMonster.cs
  artifactKey: Guid(0bdcab9a3c2a51f4da2e8128aaef5c35) Importer(815301076,1909f56bfc062723c751e8b465ee728b)
Start importing Assets/Script/WalkingMonster.cs using Guid(0bdcab9a3c2a51f4da2e8128aaef5c35) Importer(815301076,1909f56bfc062723c751e8b465ee728b)  -> (artifact id: '419c73ab9d859333072e07c24c9ee4c5') in 0.003898 seconds
  Import took 0.008456 seconds .

========================================================================
Received Prepare
Registering precompiled user dll's ...
Registered in 0.001608 seconds.
Begin MonoManager ReloadAssembly
Native extension for WindowsStandalone target not found
Refreshing native plugins compatible for Editor in 0.42 ms, found 1 plugins.
Preloading 0 native plugins for Editor in 0.00 ms.
Invoked RoslynAnalysisRunner static constructor.
RoslynAnalysisRunner will not be running.
RoslynAnalysisRunner has terminated.
Mono: successfully reloaded assembly
- Completed reload, in  1.078 seconds
Platform modules already initialized, skipping
Refreshing native plugins compatible for Editor in 0.40 ms, found 1 plugins.
Preloading 0 native plugins for Editor in 0.00 ms.
Unloading 1788 Unused Serialized files (Serialized files now loaded: 0)
System memory in use before: 83.9 MB.
System memory in use after: 83.9 MB.

Unloading 12 unused Assets to reduce memory usage. Loaded Objects now: 2237.
Total: 2.608900 ms (FindLiveObjects: 0.341200 ms CreateObjectMapping: 0.122500 ms MarkObjects: 2.032200 ms  DeleteObjects: 0.111300 ms)

========================================================================
Received Prepare
Registering precompiled user dll's ...
Registered in 0.014476 seconds.
Begin MonoManager ReloadAssembly
Native extension for WindowsStandalone target not found
Refreshing native plugins compatible for Editor in 1.03 ms, found 1 plugins.
Preloading 0 native plugins for Editor in 0.00 ms.
Invoked RoslynAnalysisRunner static constructor.
RoslynAnalysisRunner will not be running.
RoslynAnalysisRunner has terminated.
Mono: successfully reloaded assembly
- Completed reload, in  8.646 seconds
Platform modules already initialized, skipping
Refreshing native plugins compatible for Editor in 2.65 ms, found 1 plugins.
Preloading 0 native plugins for Editor in 0.00 ms.
Unloading 1788 Unused Serialized files (Serialized files now loaded: 0)
System memory in use before: 84.0 MB.
System memory in use after: 84.0 MB.

Unloading 12 unused Assets to reduce memory usage. Loaded Objects now: 2240.
Total: 14.079900 ms (FindLiveObjects: 0.749900 ms CreateObjectMapping: 0.302000 ms MarkObjects: 12.347500 ms  DeleteObjects: 0.671300 ms)

========================================================================
Received Import Request.
  Time since last request: 1295.256715 seconds.
  path: Assets/Script/WalkingMonster.cs
  artifactKey: Guid(0bdcab9a3c2a51f4da2e8128aaef5c35) Importer(815301076,1909f56bfc062723c751e8b465ee728b)
Start importing Assets/Script/WalkingMonster.cs using Guid(0bdcab9a3c2a51f4da2e8128aaef5c35) Importer(815301076,1909f56bfc062723c751e8b465ee728b)  -> (artifact id: 'c1f054fe5c76ef7bdf88bd96b48b8aa6') in 0.034918 seconds
  Import took 0.062329 seconds .

AssetImportWorkerClient::OnTransportError - code=2 error=End of file
